200 <- 3 6 (0.850877)
3 <- 200 6 (0.788618)
200 <- 3 16 (0.884393)
3 <- 200 16 (0.884393)
200 <- 3 (0.913043)
3 <- 200 (0.865169)
6 <- 14 (0.862903)
14 <- 6 (0.786765)
6 <- 14 16 (0.797297)
6 <- 14 200 (0.822222)
200 <- 8 6 (0.829787)
200 <- 8 16 (0.875)
8 <- 200 16 (0.849711)
200 <- 8 (0.900826)
8 <- 200 (0.816479)
3 <- 8 6 (0.851064)
3 <- 8 16 (0.886905)
8 <- 3 16 (0.861272)
200 <- 8 3 16 (0.926174)
3 <- 8 200 16 (0.938776)
8 <- 3 200 16 (0.901961)
200 <- 8 3 (0.944186)
3 <- 8 200 (0.931193)
8 <- 3 200 (0.878788)
3 <- 8 (0.88843)
8 <- 3 (0.849802)
16 <- 7 6 (0.752688)
200 <- 7 16 (0.796512)
7 <- 200 16 (0.791908)
200 <- 7 (0.83682)
3 <- 7 16 (0.813953)
7 <- 3 16 (0.809249)
200 <- 7 3 16 (0.892857)
3 <- 7 200 16 (0.912409)
7 <- 3 200 16 (0.816993)
200 <- 7 3 (0.915423)
3 <- 7 200 (0.92)
7 <- 3 200 (0.796537)
3 <- 7 (0.841004)
7 <- 3 (0.794466)
8 <- 7 6 (0.752688)
8 <- 7 16 (0.854651)
7 <- 8 16 (0.875)
200 <- 7 8 16 (0.870748)
8 <- 7 200 16 (0.934307)
7 <- 8 200 16 (0.870748)
200 <- 7 8 (0.9)
8 <- 7 200 (0.945)
7 <- 8 200 (0.866972)
3 <- 7 8 16 (0.877551)
8 <- 7 3 16 (0.921429)
7 <- 8 3 16 (0.865772)
200 <- 7 8 3 16 (0.922481)
3 <- 7 8 200 16 (0.929688)
8 <- 7 3 200 16 (0.952)
7 <- 8 3 200 16 (0.862319)
200 <- 7 8 3 (0.941176)
3 <- 7 8 200 (0.931217)
8 <- 7 3 200 (0.956522)
7 <- 8 3 200 (0.866995)
3 <- 7 8 (0.890476)
8 <- 7 3 (0.930348)
7 <- 8 3 (0.869767)
8 <- 7 (0.878661)
7 <- 8 (0.867769)
16 <- 10 3 (0.775194)
200 <- 10 3 16 (0.83)
3 <- 10 200 16 (0.912088)
200 <- 10 3 (0.868217)
3 <- 10 200 (0.903226)
6 <- 10 14 (0.846715)
14 <- 10 6 (0.794521)
6 <- 10 14 16 (0.777778)
14 <- 10 16 6 (0.777778)
16 <- 10 8 (0.792)
16 <- 10 8 200 (0.759259)
200 <- 10 8 16 (0.828283)
8 <- 10 200 16 (0.901099)
200 <- 10 8 (0.864)
8 <- 10 200 (0.870968)
16 <- 10 8 3 (0.781818)
3 <- 10 8 16 (0.868687)
8 <- 10 3 16 (0.86)
16 <- 10 8 3 200 (0.76)
200 <- 10 8 3 (0.909091)
3 <- 10 8 200 (0.925926)
8 <- 10 3 200 (0.892857)
3 <- 10 8 (0.88)
8 <- 10 3 (0.852713)
16 <- 10 7 (0.806452)
16 <- 10 7 200 (0.757576)
200 <- 10 7 16 (0.75)
7 <- 10 200 16 (0.824176)
200 <- 10 7 (0.798387)
7 <- 10 200 (0.798387)
16 <- 10 7 3 (0.784314)
3 <- 10 7 16 (0.8)
7 <- 10 3 16 (0.8)
16 <- 10 7 3 200 (0.755556)
200 <- 10 7 3 (0.882353)
3 <- 10 7 200 (0.909091)
7 <- 10 3 200 (0.803571)
3 <- 10 7 (0.822581)
7 <- 10 3 (0.790698)
16 <- 10 7 8 (0.788991)
8 <- 10 7 16 (0.86)
7 <- 10 8 16 (0.868687)
16 <- 10 7 8 200 (0.752688)
200 <- 10 7 8 (0.853211)
8 <- 10 7 200 (0.939394)
7 <- 10 8 200 (0.861111)
16 <- 10 7 8 3 (0.776596)
200 <- 10 7 8 3 (0.904255)
3 <- 10 7 8 200 (0.913978)
8 <- 10 7 3 200 (0.944444)
7 <- 10 8 3 200 (0.85)
3 <- 10 7 8 (0.862385)
8 <- 10 7 3 (0.921569)
7 <- 10 8 3 (0.854545)
8 <- 10 7 (0.879032)
7 <- 10 8 (0.872)
6 <- 5 (0.929245)
6 <- 5 16 (0.898305)
6 <- 5 14 (0.927835)
14 <- 5 6 (0.913706)
5 <- 14 6 (0.841121)
6 <- 5 14 16 (0.899083)
14 <- 5 16 6 (0.924528)
5 <- 14 16 6 (0.830508)
14 <- 5 16 (0.923729)
14 <- 5 (0.915094)
5 <- 14 (0.782258)
6 <- 5 10 (0.934579)
6 <- 5 10 14 (0.94)
14 <- 5 10 6 (0.94)
5 <- 10 14 6 (0.810345)
14 <- 5 10 (0.934579)
6 <- 13 (0.889952)
6 <- 13 16 (0.841667)
6 <- 13 14 (0.937853)
14 <- 13 6 (0.892473)
13 <- 14 6 (0.775701)
6 <- 13 14 16 (0.90625)
14 <- 13 16 6 (0.861386)
14 <- 13 16 (0.8)
14 <- 13 (0.84689)
6 <- 13 10 (0.872727)
6 <- 13 10 14 (0.93617)
14 <- 13 10 6 (0.916667)
13 <- 10 14 6 (0.758621)
14 <- 13 10 (0.854545)
6 <- 13 5 (0.941176)
5 <- 13 6 (0.860215)
13 <- 5 6 (0.812183)
6 <- 13 5 16 (0.913043)
5 <- 13 16 6 (0.831683)
13 <- 5 16 6 (0.792453)
5 <- 13 16 (0.766667)
13 <- 5 16 (0.779661)
6 <- 13 5 14 (0.944444)
14 <- 13 5 6 (0.95625)
5 <- 13 14 6 (0.921687)
13 <- 5 14 6 (0.85)
6 <- 13 5 14 16 (0.91954)
5 <- 13 14 16 6 (0.91954)
13 <- 5 14 16 6 (0.816327)
14 <- 13 5 16 (0.945652)
5 <- 13 14 16 (0.90625)
13 <- 5 14 16 (0.798165)
14 <- 13 5 (0.952941)
5 <- 13 14 (0.915254)
13 <- 5 14 (0.835052)
5 <- 13 10 6 (0.84375)
13 <- 5 10 6 (0.81)
5 <- 13 10 14 6 (0.886364)
13 <- 5 10 14 6 (0.829787)
5 <- 13 10 14 (0.87234)
13 <- 5 10 14 (0.82)
5 <- 13 10 (0.781818)
13 <- 5 10 (0.803738)
5 <- 13 (0.813397)
13 <- 5 (0.801887)
200 <- 9 16 (0.878378)
9 <- 200 16 (0.751445)
200 <- 9 (0.908213)
3 <- 9 16 (0.871622)
200 <- 9 3 16 (0.930233)
3 <- 9 200 16 (0.923077)
9 <- 3 200 16 (0.784314)
200 <- 9 3 (0.95)
3 <- 9 200 (0.909574)
3 <- 9 (0.869565)
8 <- 9 16 (0.925676)
9 <- 8 16 (0.815476)
200 <- 9 8 16 (0.912409)
8 <- 9 200 16 (0.961538)
9 <- 8 200 16 (0.85034)
200 <- 9 8 (0.932292)
8 <- 9 200 (0.952128)
9 <- 8 200 (0.821101)
3 <- 9 8 16 (0.890511)
8 <- 9 3 16 (0.945736)
9 <- 8 3 16 (0.818792)
200 <- 9 8 3 16 (0.95082)
3 <- 9 8 200 16 (0.928)
8 <- 9 3 200 16 (0.966667)
9 <- 8 3 200 16 (0.84058)
200 <- 9 8 3 (0.964912)
3 <- 9 8 200 (0.921788)
8 <- 9 3 200 (0.964912)
9 <- 8 3 200 (0.812808)
3 <- 9 8 (0.890625)
8 <- 9 3 (0.95)
9 <- 8 3 (0.795349)
8 <- 9 (0.927536)
9 <- 8 (0.793388)
7 <- 9 16 (0.891892)
9 <- 7 16 (0.767442)
200 <- 9 7 16 (0.886364)
7 <- 9 200 16 (0.9)
9 <- 7 200 16 (0.854015)
200 <- 9 7 (0.917582)
7 <- 9 200 (0.888298)
9 <- 7 200 (0.835)
3 <- 9 7 16 (0.863636)
7 <- 9 3 16 (0.883721)
9 <- 7 3 16 (0.814286)
200 <- 9 7 3 16 (0.938596)
3 <- 9 7 200 16 (0.91453)
7 <- 9 3 200 16 (0.891667)
9 <- 7 3 200 16 (0.856)
200 <- 9 7 3 (0.956522)
3 <- 9 7 200 (0.922156)
7 <- 9 3 200 (0.900585)
9 <- 7 3 200 (0.836957)
3 <- 9 7 (0.884615)
7 <- 9 3 (0.894444)
9 <- 7 3 (0.800995)
8 <- 9 7 16 (0.939394)
7 <- 9 8 16 (0.905109)
9 <- 7 8 16 (0.843537)
200 <- 9 7 8 16 (0.91129)
8 <- 9 7 200 16 (0.965812)
7 <- 9 8 200 16 (0.904)
9 <- 7 8 200 16 (0.882812)
200 <- 9 7 8 (0.936416)
8 <- 9 7 200 (0.97006)
7 <- 9 8 200 (0.905028)
9 <- 7 8 200 (0.857143)
3 <- 9 7 8 16 (0.879032)
8 <- 9 7 3 16 (0.95614)
7 <- 9 8 3 16 (0.893443)
9 <- 7 8 3 16 (0.844961)
200 <- 9 7 8 3 16 (0.954128)
3 <- 9 7 8 200 16 (0.920354)
8 <- 9 7 3 200 16 (0.971963)
7 <- 9 8 3 200 16 (0.896552)
9 <- 7 8 3 200 16 (0.87395)
200 <- 9 7 8 3 (0.967742)
3 <- 9 7 8 200 (0.925926)
8 <- 9 7 3 200 (0.974026)
7 <- 9 8 3 200 (0.909091)
9 <- 7 8 3 200 (0.852273)
3 <- 9 7 8 (0.895954)
8 <- 9 7 3 (0.962733)
7 <- 9 8 3 (0.906433)
9 <- 7 8 3 (0.828877)
8 <- 9 7 (0.950549)
7 <- 9 8 (0.901042)
9 <- 7 8 (0.82381)
7 <- 9 (0.879227)
9 <- 7 (0.761506)
16 <- 9 10 (0.839623)
16 <- 9 10 200 (0.813187)
200 <- 9 10 16 (0.831461)
9 <- 10 200 16 (0.813187)
200 <- 9 10 (0.858491)
16 <- 9 10 3 (0.835165)
3 <- 9 10 16 (0.853933)
9 <- 10 3 16 (0.76)
200 <- 9 10 3 (0.912088)
3 <- 9 10 200 (0.912088)
3 <- 9 10 (0.858491)
16 <- 9 10 8 (0.833333)
8 <- 9 10 16 (0.898876)
9 <- 10 8 16 (0.808081)
200 <- 9 10 8 (0.895833)
8 <- 9 10 200 (0.945055)
9 <- 10 8 200 (0.796296)
9 <- 10 8 3 200 (0.78)
3 <- 9 10 8 (0.864583)
8 <- 9 10 3 (0.912088)
9 <- 10 8 3 (0.754545)
8 <- 9 10 (0.90566)
9 <- 10 8 (0.768)
16 <- 9 10 7 (0.819149)
7 <- 9 10 16 (0.865169)
9 <- 10 7 16 (0.77)
200 <- 9 10 7 (0.87234)
7 <- 9 10 200 (0.901099)
9 <- 10 7 200 (0.828283)
9 <- 10 7 3 200 (0.822222)
3 <- 9 10 7 (0.851064)
7 <- 9 10 3 (0.879121)
9 <- 10 7 3 (0.784314)
16 <- 9 10 7 8 (0.816092)
200 <- 9 10 7 8 (0.896552)
9 <- 10 7 8 200 (0.83871)
3 <- 9 10 7 8 (0.850575)
9 <- 10 7 8 3 (0.787234)
8 <- 9 10 7 (0.925532)
7 <- 9 10 8 (0.90625)
9 <- 10 7 8 (0.798165)
7 <- 9 10 (0.886792)
9 <- 10 7 (0.758065)
200 <- 2 3 (0.927273)
3 <- 2 200 (0.85)
6 <- 2 14 (0.918182)
200 <- 2 8 (0.947917)
8 <- 2 200 (0.758333)
200 <- 2 8 3 (0.955056)
3 <- 2 8 200 (0.934066)
8 <- 2 3 200 (0.833333)
3 <- 2 8 (0.927083)
8 <- 2 3 (0.809091)
200 <- 2 7 (0.862069)
3 <- 2 7 (0.873563)
7 <- 2 8 200 (0.78022)
7 <- 2 8 3 (0.786517)
8 <- 2 7 (0.873563)
7 <- 2 8 (0.791667)
6 <- 2 10 (0.770115)
6 <- 2 5 (0.963636)
5 <- 2 6 (0.773723)
6 <- 2 5 14 (0.968421)
14 <- 2 5 6 (0.867925)
5 <- 2 14 6 (0.910891)
14 <- 2 5 (0.863636)
5 <- 2 14 (0.863636)
6 <- 2 13 (0.922414)
13 <- 2 6 (0.781022)
6 <- 2 13 14 (0.968085)
14 <- 2 13 6 (0.850467)
13 <- 2 14 6 (0.90099)
14 <- 2 13 (0.810345)
13 <- 2 14 (0.854545)
6 <- 2 13 5 (0.957895)
5 <- 2 13 6 (0.850467)
13 <- 2 5 6 (0.858491)
6 <- 2 13 5 14 (0.965517)
14 <- 2 13 5 6 (0.923077)
5 <- 2 13 14 6 (0.923077)
13 <- 2 5 14 6 (0.913043)
14 <- 2 13 5 (0.915789)
5 <- 2 13 14 (0.925532)
13 <- 2 5 14 (0.915789)
5 <- 2 13 (0.818966)
13 <- 2 5 (0.863636)
200 <- 1 16 (0.816667)
200 <- 1 (0.834225)
3 <- 1 16 (0.825)
200 <- 1 3 16 (0.919192)
3 <- 1 200 16 (0.928571)
200 <- 1 3 (0.940397)
3 <- 1 200 (0.910256)
3 <- 1 (0.807487)
8 <- 1 16 (0.791667)
200 <- 1 8 16 (0.905263)
8 <- 1 200 16 (0.877551)
200 <- 1 8 (0.924658)
8 <- 1 200 (0.865385)
3 <- 1 8 16 (0.936842)
8 <- 1 3 16 (0.89899)
200 <- 1 8 3 16 (0.932584)
8 <- 1 3 200 16 (0.912088)
200 <- 1 8 3 (0.948905)
3 <- 1 8 200 (0.962963)
8 <- 1 3 200 (0.915493)
3 <- 1 8 (0.938356)
8 <- 1 3 (0.907285)
8 <- 1 (0.780749)
7 <- 1 16 (0.766667)
200 <- 1 7 16 (0.869565)
7 <- 1 200 16 (0.816327)
200 <- 1 7 (0.892857)
7 <- 1 200 (0.801282)
3 <- 1 7 16 (0.902174)
7 <- 1 3 16 (0.838384)
7 <- 1 3 200 16 (0.835165)
200 <- 1 7 3 (0.9375)
3 <- 1 7 200 (0.96)
7 <- 1 3 200 (0.84507)
3 <- 1 7 (0.914286)
7 <- 1 3 (0.847682)
8 <- 1 7 16 (0.913043)
7 <- 1 8 16 (0.884211)
200 <- 1 7 8 (0.930233)
8 <- 1 7 200 (0.96)
7 <- 1 8 200 (0.888889)
7 <- 1 8 3 16 (0.88764)
200 <- 1 7 8 3 (0.95082)
3 <- 1 7 8 200 (0.966667)
8 <- 1 7 3 200 (0.966667)
7 <- 1 8 3 200 (0.892308)
3 <- 1 7 8 (0.945736)
8 <- 1 7 3 (0.953125)
7 <- 1 8 3 (0.890511)
8 <- 1 7 (0.921429)
7 <- 1 8 (0.883562)
9 <- 1 200 16 (0.765306)
200 <- 1 9 (0.958678)
9 <- 1 3 16 (0.757576)
9 <- 1 3 200 16 (0.791209)
200 <- 1 9 3 (0.973684)
3 <- 1 9 200 (0.956897)
9 <- 1 3 200 (0.78169)
3 <- 1 9 (0.942149)
9 <- 1 3 (0.754967)
9 <- 1 8 16 (0.810526)
200 <- 1 9 8 (0.965517)
8 <- 1 9 200 (0.965517)
9 <- 1 8 200 (0.82963)
9 <- 1 8 3 16 (0.808989)
200 <- 1 9 8 3 (0.981818)
3 <- 1 9 8 200 (0.964286)
8 <- 1 9 3 200 (0.972973)
9 <- 1 8 3 200 (0.830769)
3 <- 1 9 8 (0.948276)
8 <- 1 9 3 (0.964912)
9 <- 1 8 3 (0.80292)
8 <- 1 9 (0.958678)
9 <- 1 8 (0.794521)
9 <- 1 7 16 (0.793478)
200 <- 1 9 7 (0.963636)
7 <- 1 9 200 (0.913793)
9 <- 1 7 200 (0.848)
200 <- 1 9 7 3 (0.980952)
3 <- 1 9 7 200 (0.971698)
7 <- 1 9 3 200 (0.927928)
9 <- 1 7 3 200 (0.858333)
3 <- 1 9 7 (0.954545)
7 <- 1 9 3 (0.921053)
9 <- 1 7 3 (0.820312)
200 <- 1 9 7 8 (0.971963)
8 <- 1 9 7 200 (0.981132)
7 <- 1 9 8 200 (0.928571)
9 <- 1 7 8 200 (0.866667)
200 <- 1 9 7 8 3 (0.990196)
3 <- 1 9 7 8 200 (0.971154)
8 <- 1 9 7 3 200 (0.980583)
7 <- 1 9 8 3 200 (0.935185)
9 <- 1 7 8 3 200 (0.87069)
3 <- 1 9 7 8 (0.953271)
8 <- 1 9 7 3 (0.971429)
7 <- 1 9 8 3 (0.927273)
9 <- 1 7 8 3 (0.836066)
8 <- 1 9 7 (0.972727)
7 <- 1 9 8 (0.922414)
9 <- 1 7 8 (0.829457)
7 <- 1 9 (0.909091)
9 <- 1 7 (0.785714)
200 <- 1 2 (0.818182)
3 <- 1 2 (0.761364)
6 <- 4 (0.903955)
6 <- 4 16 (0.857143)
6 <- 4 14 (0.89881)
14 <- 4 6 (0.94375)
6 <- 4 14 16 (0.854167)
14 <- 4 16 (0.979592)
14 <- 4 (0.949153)
6 <- 4 10 (0.893617)
6 <- 4 10 14 (0.888889)
14 <- 4 10 (0.957447)
6 <- 4 5 (0.928571)
5 <- 4 6 (0.975)
4 <- 5 6 (0.791878)
6 <- 4 5 16 (0.901099)
4 <- 5 16 6 (0.773585)
5 <- 4 16 (0.928571)
4 <- 5 16 (0.771186)
6 <- 4 5 14 (0.925)
14 <- 4 5 6 (0.948718)
5 <- 4 14 6 (0.980132)
4 <- 5 14 6 (0.822222)
6 <- 4 5 14 16 (0.898876)
4 <- 5 14 16 6 (0.816327)
14 <- 4 5 16 (0.978022)
5 <- 4 14 16 (0.927083)
4 <- 5 14 16 (0.816514)
14 <- 4 5 (0.952381)
5 <- 4 14 (0.952381)
4 <- 5 14 (0.824742)
6 <- 4 5 10 (0.931818)
4 <- 5 10 6 (0.82)
4 <- 5 10 14 6 (0.829787)
14 <- 4 5 10 (0.954545)
5 <- 4 10 14 (0.933333)
4 <- 5 10 14 (0.84)
5 <- 4 10 (0.93617)
4 <- 5 10 (0.82243)
5 <- 4 (0.949153)
4 <- 5 (0.792453)
6 <- 4 13 (0.937931)
13 <- 4 6 (0.85)
13 <- 4 16 (0.77551)
6 <- 4 13 14 (0.935252)
14 <- 4 13 6 (0.955882)
13 <- 4 14 6 (0.860927)
4 <- 13 14 6 (0.783133)
4 <- 13 14 16 6 (0.770115)
13 <- 4 14 16 (0.770833)
4 <- 13 14 16 (0.770833)
14 <- 4 13 (0.958621)
13 <- 4 14 (0.827381)
4 <- 13 14 (0.785311)
13 <- 4 10 14 (0.777778)
13 <- 4 10 (0.776596)
6 <- 4 13 5 (0.943262)
5 <- 4 13 6 (0.977941)
13 <- 4 5 6 (0.852564)
4 <- 13 5 6 (0.83125)
13 <- 4 5 16 (0.813187)
4 <- 13 5 16 (0.804348)
6 <- 4 13 5 14 (0.941176)
14 <- 4 13 5 6 (0.962406)
5 <- 4 13 14 6 (0.984615)
13 <- 4 5 14 6 (0.864865)
4 <- 13 5 14 6 (0.836601)
13 <- 4 5 14 16 (0.808989)
4 <- 13 5 14 16 (0.827586)
14 <- 4 13 5 (0.964539)
5 <- 4 13 14 (0.978417)
13 <- 4 5 14 (0.85)
4 <- 13 5 14 (0.839506)
13 <- 4 5 10 (0.806818)
5 <- 4 13 (0.972414)
13 <- 4 5 (0.839286)
4 <- 13 5 (0.829412)
13 <- 4 (0.819209)
6 <- 4 2 (0.954023)
14 <- 4 2 (0.896552)
4 <- 2 5 6 (0.764151)
4 <- 2 5 14 6 (0.793478)
4 <- 2 5 14 (0.789474)
5 <- 4 2 (0.954023)
4 <- 2 5 (0.754545)
4 <- 2 13 5 6 (0.791209)
4 <- 2 13 5 14 (0.793103)
4 <- 2 13 5 (0.778947)
13 <- 4 2 (0.873563)
200 <- 15 16 (0.907563)
200 <- 15 (0.91954)
3 <- 15 16 (0.865546)
200 <- 15 3 16 (0.941748)
3 <- 15 200 16 (0.898148)
200 <- 15 3 (0.953642)
3 <- 15 200 (0.9)
3 <- 15 (0.867816)
8 <- 15 16 (0.882353)
200 <- 15 8 16 (0.942857)
8 <- 15 200 16 (0.916667)
200 <- 15 8 (0.960265)
8 <- 15 200 (0.90625)
3 <- 15 8 16 (0.914286)
8 <- 15 3 16 (0.932039)
200 <- 15 8 3 16 (0.947917)
3 <- 15 8 200 16 (0.919192)
8 <- 15 3 200 16 (0.938144)
200 <- 15 8 3 (0.963768)
3 <- 15 8 200 (0.917241)
8 <- 15 3 200 (0.923611)
3 <- 15 8 (0.913907)
8 <- 15 3 (0.913907)
8 <- 15 (0.867816)
7 <- 15 16 (0.848739)
200 <- 15 7 16 (0.910891)
7 <- 15 200 16 (0.851852)
200 <- 15 7 (0.931034)
7 <- 15 200 (0.84375)
3 <- 15 7 16 (0.861386)
7 <- 15 3 16 (0.84466)
200 <- 15 7 3 16 (0.954023)
3 <- 15 7 200 16 (0.902174)
7 <- 15 3 200 16 (0.85567)
200 <- 15 7 3 (0.96124)
3 <- 15 7 200 (0.918519)
7 <- 15 3 200 (0.861111)
3 <- 15 7 (0.889655)
7 <- 15 3 (0.854305)
8 <- 15 7 16 (0.920792)
7 <- 15 8 16 (0.885714)
200 <- 15 7 8 16 (0.946237)
8 <- 15 7 200 16 (0.956522)
7 <- 15 8 200 16 (0.888889)
200 <- 15 7 8 (0.962963)
8 <- 15 7 200 (0.962963)
7 <- 15 8 200 (0.896552)
3 <- 15 7 8 16 (0.903226)
8 <- 15 7 3 16 (0.965517)
7 <- 15 8 3 16 (0.875)
3 <- 15 7 8 200 16 (0.909091)
7 <- 15 8 3 200 16 (0.879121)
200 <- 15 7 8 3 (0.967742)
3 <- 15 7 8 200 (0.923077)
8 <- 15 7 3 200 (0.967742)
7 <- 15 8 3 200 (0.902256)
3 <- 15 7 8 (0.918519)
8 <- 15 7 3 (0.96124)
7 <- 15 8 3 (0.898551)
8 <- 15 7 (0.931034)
7 <- 15 8 (0.89404)
7 <- 15 (0.833333)
9 <- 15 16 (0.773109)
200 <- 15 9 16 (0.967391)
9 <- 15 200 16 (0.824074)
200 <- 15 9 (0.976923)
9 <- 15 200 (0.79375)
3 <- 15 9 16 (0.902174)
9 <- 15 3 16 (0.805825)
3 <- 15 9 200 16 (0.898876)
9 <- 15 3 200 16 (0.824742)
200 <- 15 9 3 (0.974576)
3 <- 15 9 200 (0.905512)
9 <- 15 3 200 (0.798611)
3 <- 15 9 (0.907692)
9 <- 15 3 (0.781457)
8 <- 15 9 16 (0.967391)
9 <- 15 8 16 (0.847619)
200 <- 15 9 8 16 (0.966292)
8 <- 15 9 200 16 (0.966292)
9 <- 15 8 200 16 (0.868687)
200 <- 15 9 8 (0.97619)
8 <- 15 9 200 (0.968504)
9 <- 15 8 200 (0.848276)
3 <- 15 9 8 16 (0.910112)
9 <- 15 8 3 16 (0.84375)
9 <- 15 8 3 200 16 (0.857143)
200 <- 15 9 8 3 (0.973913)
3 <- 15 9 8 200 (0.910569)
8 <- 15 9 3 200 (0.973913)
9 <- 15 8 3 200 (0.842105)
3 <- 15 9 8 (0.912698)
8 <- 15 9 3 (0.974576)
9 <- 15 8 3 (0.833333)
8 <- 15 9 (0.969231)
9 <- 15 8 (0.834437)
7 <- 15 9 16 (0.913043)
9 <- 15 7 16 (0.831683)
7 <- 15 9 200 16 (0.921348)
9 <- 15 7 200 16 (0.891304)
200 <- 15 9 7 (0.983051)
7 <- 15 9 200 (0.913386)
9 <- 15 7 200 (0.859259)
9 <- 15 7 3 16 (0.862069)
200 <- 15 9 7 3 (0.981481)
3 <- 15 9 7 200 (0.913793)
7 <- 15 9 3 200 (0.921739)
9 <- 15 7 3 200 (0.854839)
3 <- 15 9 7 (0.915254)
7 <- 15 9 3 (0.915254)
9 <- 15 7 3 (0.837209)
7 <- 15 9 8 16 (0.910112)
9 <- 15 7 8 16 (0.870968)
9 <- 15 7 8 200 16 (0.897727)
200 <- 15 9 7 8 (0.982609)
8 <- 15 9 7 200 (0.974138)
7 <- 15 9 8 200 (0.918699)
9 <- 15 7 8 200 (0.869231)
200 <- 15 9 7 8 3 (0.981132)
3 <- 15 9 7 8 200 (0.920354)
8 <- 15 9 7 3 200 (0.981132)
7 <- 15 9 8 3 200 (0.928571)
9 <- 15 7 8 3 200 (0.866667)
3 <- 15 9 7 8 (0.921739)
8 <- 15 9 7 3 (0.981481)
7 <- 15 9 8 3 (0.921739)
9 <- 15 7 8 3 (0.854839)
8 <- 15 9 7 (0.974576)
7 <- 15 9 8 (0.912698)
9 <- 15 7 8 (0.851852)
7 <- 15 9 (0.907692)
9 <- 15 7 (0.813793)
200 <- 15 1 (0.959184)
200 <- 15 1 3 (0.967391)
3 <- 15 1 200 (0.946809)
3 <- 15 1 (0.938776)
200 <- 15 1 8 (0.967033)
8 <- 15 1 200 (0.93617)
200 <- 15 1 8 3 (0.965517)
3 <- 15 1 8 200 (0.954545)
8 <- 15 1 3 200 (0.94382)
3 <- 15 1 8 (0.956044)
8 <- 15 1 3 (0.945652)
8 <- 15 1 (0.928571)
7 <- 15 1 200 (0.87234)
7 <- 15 1 3 200 (0.88764)
7 <- 15 1 3 (0.880435)
7 <- 15 1 8 200 (0.909091)
7 <- 15 1 8 3 (0.908046)
7 <- 15 1 8 (0.901099)
7 <- 15 1 (0.867347)
9 <- 15 1 200 (0.808511)
9 <- 15 1 3 200 (0.820225)
9 <- 15 1 3 (0.804348)
9 <- 15 1 8 200 (0.852273)
9 <- 15 1 8 3 (0.83908)
9 <- 15 1 8 (0.835165)
9 <- 15 1 (0.785714)
6 <- 12 (0.929825)
6 <- 12 16 (0.90625)
6 <- 12 14 (0.936709)
14 <- 12 6 (0.930818)
6 <- 12 14 16 (0.909091)
14 <- 12 16 6 (0.91954)
14 <- 12 16 (0.916667)
14 <- 12 (0.923977)
6 <- 12 10 (0.923077)
14 <- 12 10 (0.912088)
6 <- 12 5 (0.946309)
5 <- 12 6 (0.886792)
5 <- 12 16 6 (0.908046)
5 <- 12 16 (0.885417)
6 <- 12 5 14 (0.944444)
14 <- 12 5 6 (0.964539)
5 <- 12 14 6 (0.918919)
12 <- 5 14 6 (0.755556)
12 <- 5 14 16 6 (0.785714)
5 <- 12 14 16 (0.943182)
12 <- 5 14 16 (0.761468)
14 <- 12 5 (0.966443)
5 <- 12 14 (0.911392)
12 <- 5 10 6 (0.75)
12 <- 5 10 14 6 (0.765957)
12 <- 5 10 14 (0.75)
5 <- 12 10 (0.857143)
5 <- 12 (0.871345)
6 <- 12 13 (0.94964)
13 <- 12 6 (0.830189)
13 <- 12 16 6 (0.827586)
13 <- 12 16 (0.8125)
6 <- 12 13 14 (0.947368)
14 <- 12 13 6 (0.954545)
13 <- 12 14 6 (0.851351)
12 <- 13 14 6 (0.759036)
12 <- 13 14 16 6 (0.781609)
13 <- 12 14 16 (0.840909)
12 <- 13 14 16 (0.770833)
14 <- 12 13 (0.956835)
13 <- 12 14 (0.841772)
12 <- 13 14 (0.751412)
13 <- 12 10 (0.78022)
6 <- 12 13 5 (0.954198)
5 <- 12 13 6 (0.94697)
13 <- 12 5 6 (0.886525)
12 <- 13 5 6 (0.78125)
12 <- 13 5 16 (0.804348)
6 <- 12 13 5 14 (0.953125)
14 <- 12 13 5 6 (0.976)
5 <- 12 13 14 6 (0.968254)
13 <- 12 5 14 6 (0.897059)
12 <- 13 5 14 6 (0.797386)
12 <- 13 5 14 16 (0.827586)
14 <- 12 13 5 (0.977099)
5 <- 12 13 14 (0.962406)
13 <- 12 5 14 (0.888889)
12 <- 13 5 14 (0.790123)
5 <- 12 13 (0.942446)
13 <- 12 5 (0.879195)
12 <- 13 5 (0.770588)
13 <- 12 (0.812865)
6 <- 12 4 (0.943262)
4 <- 12 6 (0.836478)
12 <- 4 6 (0.83125)
4 <- 12 16 6 (0.83908)
4 <- 12 16 (0.822917)
12 <- 4 16 (0.806122)
6 <- 12 4 14 (0.941176)
14 <- 12 4 6 (0.962406)
4 <- 12 14 6 (0.864865)
12 <- 4 14 6 (0.847682)
4 <- 12 14 16 (0.875)
12 <- 4 14 16 (0.802083)
14 <- 12 4 (0.964539)
4 <- 12 14 (0.860759)
12 <- 4 14 (0.809524)
12 <- 4 10 14 (0.811111)
4 <- 12 10 (0.835165)
12 <- 4 10 (0.808511)
6 <- 12 4 5 (0.942029)
5 <- 12 4 6 (0.977444)
4 <- 12 5 6 (0.921986)
12 <- 4 5 6 (0.833333)
12 <- 4 5 16 (0.846154)
6 <- 12 4 5 14 (0.93985)
14 <- 12 4 5 6 (0.961538)
5 <- 12 4 14 6 (0.976562)
4 <- 12 5 14 6 (0.919118)
12 <- 4 5 14 6 (0.844595)
12 <- 4 5 14 16 (0.842697)
14 <- 12 4 5 (0.963768)
5 <- 12 4 14 (0.977941)
4 <- 12 5 14 (0.923611)
12 <- 4 5 14 (0.83125)
12 <- 4 5 10 (0.840909)
5 <- 12 4 (0.978723)
4 <- 12 5 (0.926174)
12 <- 4 5 (0.821429)
6 <- 12 4 13 (0.95122)
13 <- 12 4 6 (0.879699)
4 <- 12 13 6 (0.886364)
12 <- 4 13 6 (0.860294)
6 <- 12 4 13 14 (0.95)
14 <- 12 4 13 6 (0.974359)
13 <- 12 4 14 6 (0.890625)
4 <- 12 13 14 6 (0.904762)
12 <- 4 13 14 6 (0.876923)
14 <- 12 4 13 (0.97561)
13 <- 12 4 14 (0.882353)
4 <- 12 13 14 (0.902256)
12 <- 4 13 14 (0.863309)
6 <- 12 4 13 5 (0.950413)
5 <- 12 4 13 6 (0.982906)
13 <- 12 4 5 6 (0.884615)
4 <- 12 13 5 6 (0.92)
12 <- 4 13 5 6 (0.864662)
6 <- 12 4 13 5 14 (0.949153)
14 <- 12 4 13 5 6 (0.973913)
5 <- 12 4 13 14 6 (0.982456)
13 <- 12 4 5 14 6 (0.896)
4 <- 12 13 5 14 6 (0.918033)
12 <- 4 13 5 14 6 (0.875)
14 <- 12 4 13 5 (0.975207)
5 <- 12 4 13 14 (0.983333)
13 <- 12 4 5 14 (0.887218)
4 <- 12 13 5 14 (0.921875)
12 <- 4 13 5 14 (0.867647)
5 <- 12 4 13 (0.98374)
13 <- 12 4 5 (0.876812)
4 <- 12 13 5 (0.923664)
12 <- 4 13 5 (0.858156)
13 <- 12 4 (0.87234)
4 <- 12 13 (0.884892)
12 <- 4 13 (0.848276)
4 <- 12 (0.824561)
12 <- 4 (0.79661)
6 <- 100 (0.886905)
6 <- 100 16 (0.854167)
6 <- 100 14 (0.886076)
14 <- 100 6 (0.939597)
6 <- 100 14 16 (0.851064)
14 <- 100 16 (0.979167)
14 <- 100 (0.940476)
6 <- 100 10 (0.880435)
6 <- 100 10 14 (0.875)
14 <- 100 10 (0.956522)
6 <- 100 5 (0.923567)
5 <- 100 6 (0.973154)
6 <- 100 5 16 (0.898876)
100 <- 5 16 6 (0.754717)
5 <- 100 16 (0.927083)
100 <- 5 16 (0.754237)
6 <- 100 5 14 (0.919463)
14 <- 100 5 6 (0.944828)
5 <- 100 14 6 (0.978571)
100 <- 5 14 6 (0.761111)
6 <- 100 5 14 16 (0.896552)
100 <- 5 14 16 6 (0.795918)
14 <- 100 5 16 (0.977528)
5 <- 100 14 16 (0.925532)
100 <- 5 14 16 (0.798165)
14 <- 100 5 (0.949045)
5 <- 100 14 (0.943038)
100 <- 5 14 (0.768041)
100 <- 5 10 6 (0.79)
100 <- 5 10 14 6 (0.797872)
5 <- 100 10 14 (0.920455)
100 <- 5 10 14 (0.81)
5 <- 100 10 (0.923913)
100 <- 5 10 (0.794393)
5 <- 100 (0.934524)
6 <- 100 13 (0.933824)
13 <- 100 6 (0.852349)
13 <- 100 16 (0.770833)
6 <- 100 13 14 (0.930769)
14 <- 100 13 6 (0.952756)
13 <- 100 14 6 (0.864286)
13 <- 100 14 16 (0.765957)
100 <- 13 14 16 (0.75)
14 <- 100 13 (0.955882)
13 <- 100 14 (0.822785)
13 <- 100 10 14 (0.761364)
13 <- 100 10 (0.76087)
6 <- 100 13 5 (0.939394)
5 <- 100 13 6 (0.976378)
13 <- 100 5 6 (0.855172)
100 <- 13 5 6 (0.775)
13 <- 100 5 16 (0.808989)
100 <- 13 5 16 (0.782609)
6 <- 100 13 5 14 (0.937008)
14 <- 100 13 5 6 (0.959677)
5 <- 100 13 14 6 (0.983471)
13 <- 100 5 14 6 (0.868613)
100 <- 13 5 14 6 (0.777778)
13 <- 100 5 14 16 (0.804598)
100 <- 13 5 14 16 (0.804598)
14 <- 100 13 5 (0.962121)
5 <- 100 13 14 (0.976923)
13 <- 100 5 14 (0.852349)
100 <- 13 5 14 (0.783951)
5 <- 100 13 (0.970588)
13 <- 100 5 (0.840764)
100 <- 13 5 (0.776471)
13 <- 100 (0.809524)
6 <- 100 4 (0.90184)
4 <- 100 6 (0.986577)
100 <- 4 6 (0.91875)
6 <- 100 4 16 (0.861702)
4 <- 100 16 (0.979167)
100 <- 4 16 (0.959184)
6 <- 100 4 14 (0.896774)
14 <- 100 4 6 (0.945578)
4 <- 100 14 6 (0.992857)
100 <- 4 14 6 (0.92053)
6 <- 100 4 14 16 (0.858696)
14 <- 100 4 16 (0.978723)
4 <- 100 14 16 (0.978723)
100 <- 4 14 16 (0.958333)
14 <- 100 4 (0.95092)
4 <- 100 14 (0.981013)
100 <- 4 14 (0.922619)
6 <- 100 4 10 (0.89011)
6 <- 100 4 10 14 (0.885057)
14 <- 100 4 10 (0.956044)
4 <- 100 10 14 (0.988636)
100 <- 4 10 14 (0.966667)
4 <- 100 10 (0.98913)
100 <- 4 10 (0.968085)
6 <- 100 4 5 (0.923077)
5 <- 100 4 6 (0.979592)
4 <- 100 5 6 (0.993103)
100 <- 4 5 6 (0.923077)
6 <- 100 4 5 16 (0.897727)
5 <- 100 4 16 (0.93617)
4 <- 100 5 16 (0.988764)
100 <- 4 5 16 (0.967033)
6 <- 100 4 5 14 (0.918919)
14 <- 100 4 5 6 (0.944444)
5 <- 100 4 14 6 (0.978417)
4 <- 100 5 14 6 (0.992701)
100 <- 4 5 14 6 (0.918919)
14 <- 100 4 5 16 (0.977273)
5 <- 100 4 14 16 (0.934783)
4 <- 100 5 14 16 (0.988506)
100 <- 4 5 14 16 (0.966292)
14 <- 100 4 5 (0.948718)
5 <- 100 4 14 (0.954839)
4 <- 100 5 14 (0.993289)
100 <- 4 5 14 (0.925)
5 <- 100 4 10 14 (0.931034)
5 <- 100 4 10 (0.934066)
100 <- 4 5 10 (0.965909)
5 <- 100 4 (0.957055)
4 <- 100 5 (0.993631)
100 <- 4 5 (0.928571)
6 <- 100 4 13 (0.933333)
13 <- 100 4 6 (0.857143)
4 <- 100 13 6 (0.992126)
100 <- 4 13 6 (0.926471)
13 <- 100 4 16 (0.787234)
6 <- 100 4 13 14 (0.930769)
14 <- 100 4 13 6 (0.960317)
13 <- 100 4 14 6 (0.870504)
4 <- 100 13 14 6 (1)
100 <- 4 13 14 6 (0.930769)
13 <- 100 4 14 16 (0.782609)
14 <- 100 4 13 (0.962963)
13 <- 100 4 14 (0.83871)
4 <- 100 13 14 (1)
100 <- 4 13 14 (0.935252)
13 <- 100 4 10 14 (0.770115)
13 <- 100 4 10 (0.769231)
6 <- 100 4 13 5 (0.939394)
5 <- 100 4 13 6 (0.984127)
13 <- 100 4 5 6 (0.861111)
4 <- 100 13 5 6 (1)
100 <- 4 13 5 6 (0.932331)
13 <- 100 4 5 16 (0.818182)
6 <- 100 4 13 5 14 (0.937008)
14 <- 100 4 13 5 6 (0.959677)
5 <- 100 4 13 14 6 (0.983471)
13 <- 100 4 5 14 6 (0.875)
4 <- 100 13 5 14 6 (1)
100 <- 4 13 5 14 6 (0.929688)
14 <- 100 4 13 5 (0.962121)
5 <- 100 4 13 14 (0.976923)
13 <- 100 4 5 14 (0.858108)
4 <- 100 13 5 14 (1)
100 <- 4 13 5 14 (0.933824)
5 <- 100 4 13 (0.977778)
13 <- 100 4 5 (0.846154)
4 <- 100 13 5 (1)
100 <- 4 13 5 (0.93617)
13 <- 100 4 (0.828221)
4 <- 100 13 (0.992647)
100 <- 4 13 (0.931034)
100 <- 4 2 (0.862069)
4 <- 100 (0.970238)
100 <- 4 (0.920904)
6 <- 100 12 (0.940741)
12 <- 100 6 (0.852349)
100 <- 12 6 (0.798742)
100 <- 12 16 6 (0.816092)
12 <- 100 16 (0.802083)
100 <- 12 16 (0.802083)
6 <- 100 12 14 (0.937984)
14 <- 100 12 6 (0.952756)
12 <- 100 14 6 (0.864286)
100 <- 12 14 6 (0.817568)
12 <- 100 14 16 (0.797872)
100 <- 12 14 16 (0.852273)
14 <- 100 12 (0.955556)
12 <- 100 14 (0.816456)
100 <- 12 14 (0.816456)
12 <- 100 10 14 (0.806818)
12 <- 100 10 (0.804348)
100 <- 12 10 (0.813187)
6 <- 100 12 5 (0.938931)
5 <- 100 12 6 (0.968504)
12 <- 100 5 6 (0.848276)
100 <- 12 5 6 (0.87234)
12 <- 100 5 16 (0.842697)
6 <- 100 12 5 14 (0.936508)
14 <- 100 12 5 6 (0.95935)
5 <- 100 12 14 6 (0.975207)
12 <- 100 5 14 6 (0.861314)
100 <- 12 5 14 6 (0.867647)
12 <- 100 5 14 16 (0.83908)
14 <- 100 12 5 (0.961832)
5 <- 100 12 14 (0.976744)
12 <- 100 5 14 (0.845638)
100 <- 12 5 14 (0.875)
5 <- 100 12 (0.97037)
12 <- 100 5 (0.834395)
100 <- 12 5 (0.879195)
6 <- 100 12 13 (0.94958)
13 <- 100 12 6 (0.889764)
12 <- 100 13 6 (0.889764)
100 <- 12 13 6 (0.856061)
6 <- 100 12 13 14 (0.947826)
14 <- 100 12 13 6 (0.964602)
13 <- 100 12 14 6 (0.900826)
12 <- 100 13 14 6 (0.900826)
100 <- 12 13 14 6 (0.865079)
14 <- 100 12 13 (0.966387)
13 <- 100 12 14 (0.891473)
12 <- 100 13 14 (0.884615)
100 <- 12 13 14 (0.864662)
6 <- 100 12 13 5 (0.948276)
5 <- 100 12 13 6 (0.973451)
13 <- 100 12 5 6 (0.894309)
12 <- 100 13 5 6 (0.887097)
100 <- 12 13 5 6 (0.88)
6 <- 100 12 13 5 14 (0.946903)
14 <- 100 12 13 5 6 (0.972727)
5 <- 100 12 13 14 6 (0.981651)
13 <- 100 12 5 14 6 (0.90678)
12 <- 100 13 5 14 6 (0.89916)
100 <- 12 13 5 14 6 (0.877049)
14 <- 100 12 13 5 (0.974138)
5 <- 100 12 13 14 (0.982609)
13 <- 100 12 5 14 (0.896825)
12 <- 100 13 5 14 (0.889764)
100 <- 12 13 5 14 (0.882812)
5 <- 100 12 13 (0.97479)
13 <- 100 12 5 (0.885496)
12 <- 100 13 5 (0.878788)
100 <- 12 13 5 (0.885496)
13 <- 100 12 (0.881481)
12 <- 100 13 (0.875)
100 <- 12 13 (0.856115)
6 <- 100 12 4 (0.940299)
4 <- 100 12 6 (0.992126)
12 <- 100 4 6 (0.857143)
100 <- 12 4 6 (0.947368)
12 <- 100 4 16 (0.819149)
6 <- 100 12 4 14 (0.937984)
14 <- 100 12 4 6 (0.960317)
4 <- 100 12 14 6 (1)
12 <- 100 4 14 6 (0.870504)
100 <- 12 4 14 6 (0.945312)
12 <- 100 4 14 16 (0.815217)
14 <- 100 12 4 (0.962687)
4 <- 100 12 14 (1)
12 <- 100 4 14 (0.832258)
100 <- 12 4 14 (0.948529)
12 <- 100 4 10 14 (0.816092)
12 <- 100 4 10 (0.813187)
6 <- 100 12 4 5 (0.938931)
5 <- 100 12 4 6 (0.97619)
4 <- 100 12 5 6 (1)
12 <- 100 4 5 6 (0.854167)
100 <- 12 4 5 6 (0.946154)
12 <- 100 4 5 16 (0.852273)
6 <- 100 12 4 5 14 (0.936508)
14 <- 100 12 4 5 6 (0.95935)
5 <- 100 12 4 14 6 (0.975207)
4 <- 100 12 5 14 6 (1)
12 <- 100 4 5 14 6 (0.867647)
100 <- 12 4 5 14 6 (0.944)
14 <- 100 12 4 5 (0.961832)
5 <- 100 12 4 14 (0.976744)
4 <- 100 12 5 14 (1)
12 <- 100 4 5 14 (0.851351)
100 <- 12 4 5 14 (0.947368)
5 <- 100 12 4 (0.977612)
4 <- 100 12 5 (1)
12 <- 100 4 5 (0.839744)
100 <- 12 4 5 (0.949275)
6 <- 100 12 4 13 (0.949153)
13 <- 100 12 4 6 (0.888889)
4 <- 100 12 13 6 (0.99115)
12 <- 100 4 13 6 (0.888889)
100 <- 12 4 13 6 (0.957265)
6 <- 100 12 4 13 14 (0.947826)
14 <- 100 12 4 13 6 (0.973214)
13 <- 100 12 4 14 6 (0.900826)
4 <- 100 12 13 14 6 (1)
12 <- 100 4 13 14 6 (0.900826)
100 <- 12 4 13 14 6 (0.95614)
14 <- 100 12 4 13 (0.974576)
13 <- 100 12 4 14 (0.891473)
4 <- 100 12 13 14 (1)
12 <- 100 4 13 14 (0.884615)
100 <- 12 4 13 14 (0.958333)
6 <- 100 12 4 13 5 (0.948276)
5 <- 100 12 4 13 6 (0.982143)
13 <- 100 12 4 5 6 (0.894309)
4 <- 100 12 13 5 6 (1)
12 <- 100 4 13 5 6 (0.887097)
100 <- 12 4 13 5 6 (0.956522)
6 <- 100 12 4 13 5 14 (0.946903)
14 <- 100 12 4 13 5 6 (0.972727)
5 <- 100 12 4 13 14 6 (0.981651)
13 <- 100 12 4 5 14 6 (0.90678)
4 <- 100 12 13 5 14 6 (1)
12 <- 100 4 13 5 14 6 (0.89916)
100 <- 12 4 13 5 14 6 (0.955357)
14 <- 100 12 4 13 5 (0.974138)
5 <- 100 12 4 13 14 (0.982609)
13 <- 100 12 4 5 14 (0.896825)
4 <- 100 12 13 5 14 (1)
12 <- 100 4 13 5 14 (0.889764)
100 <- 12 4 13 5 14 (0.957627)
5 <- 100 12 4 13 (0.983051)
13 <- 100 12 4 5 (0.885496)
4 <- 100 12 13 5 (1)
12 <- 100 4 13 5 (0.878788)
100 <- 12 4 13 5 (0.958678)
13 <- 100 12 4 (0.880597)
4 <- 100 12 13 (0.991597)
12 <- 100 4 13 (0.874074)
100 <- 12 4 13 (0.95935)
4 <- 100 12 (0.992593)
12 <- 100 4 (0.822086)
100 <- 12 4 (0.950355)
12 <- 100 (0.803571)
100 <- 12 (0.789474)
200 <- 11 6 (0.789474)
200 <- 11 16 (0.864583)
200 <- 11 (0.86)
3 <- 11 16 (0.78125)
200 <- 11 3 (0.972477)
3 <- 11 200 (0.821705)
200 <- 11 8 (0.969072)
200 <- 11 8 3 (0.977273)
3 <- 11 8 200 (0.914894)
8 <- 11 3 200 (0.811321)
3 <- 11 8 (0.907216)
8 <- 11 3 (0.807339)
200 <- 11 7 (0.942529)
3 <- 11 7 (0.885057)
7 <- 11 8 200 (0.776596)
7 <- 11 8 3 (0.784091)
8 <- 11 7 (0.873563)
7 <- 11 8 (0.783505)
200 <- 11 2 (0.842697)
