6 (272)
16 6 (158)
16 (269)
200 6 (123)
200 16 (173)
200 (267)
3 6 (114)
3 16 (173)
3 200 6 (97)
3 200 16 (153)
3 200 (231)
3 (253)
14 6 (214)
14 16 6 (118)
14 16 (148)
14 200 (90)
14 (248)
8 6 (94)
8 16 (168)
8 200 16 (147)
8 200 (218)
8 3 16 (149)
8 3 200 16 (138)
8 3 200 (203)
8 3 (215)
8 (242)
7 6 (93)
7 16 (172)
7 200 16 (137)
7 200 (200)
7 3 16 (140)
7 3 200 16 (125)
7 3 200 (184)
7 3 (201)
7 8 16 (147)
7 8 200 16 (128)
7 8 200 (189)
7 8 3 16 (129)
7 8 3 200 16 (119)
7 8 3 200 (176)
7 8 3 (187)
7 8 (210)
7 (239)
10 16 (150)
10 6 16 (90)
10 6 (146)
10 14 16 (90)
10 14 6 (116)
10 14 (137)
10 3 16 (100)
10 3 (129)
10 8 16 (99)
10 8 3 (110)
10 8 (125)
10 7 16 (100)
10 7 3 (102)
10 7 8 3 (94)
10 7 8 (109)
10 7 (124)
10 200 16 (91)
10 200 3 (112)
10 200 8 3 (100)
10 200 8 (108)
10 200 7 3 (90)
10 200 7 8 (93)
10 200 7 (99)
10 200 (124)
10 (216)
5 6 (197)
5 16 6 (106)
5 16 (118)
5 14 6 (180)
5 14 16 6 (98)
5 14 16 (109)
5 14 (194)
5 10 6 (100)
5 10 14 6 (94)
5 10 14 (100)
5 10 (107)
5 (212)
13 6 (186)
13 16 6 (101)
13 16 (120)
13 14 6 (166)
13 14 16 6 (87)
13 14 16 (96)
13 14 (177)
13 10 6 (96)
13 10 14 6 (88)
13 10 14 (94)
13 10 (110)
13 5 6 (160)
13 5 16 (92)
13 5 14 6 (153)
13 5 14 16 (87)
13 5 14 (162)
13 5 (170)
13 (209)
9 8 (192)
9 200 8 (179)
9 200 (188)
9 7 8 (173)
9 7 200 8 (162)
9 7 200 (167)
9 7 (182)
9 3 8 (171)
9 3 200 8 (165)
9 3 200 (171)
9 3 7 8 (155)
9 3 7 200 8 (150)
9 3 7 200 (154)
9 3 7 (161)
9 3 (180)
9 16 8 (137)
9 16 200 8 (125)
9 16 200 (130)
9 16 7 8 (124)
9 16 7 200 8 (113)
9 16 7 200 (117)
9 16 7 (132)
9 16 3 8 (122)
9 16 3 200 8 (116)
9 16 3 200 (120)
9 16 3 7 8 (109)
9 16 3 7 200 8 (104)
9 16 3 7 200 (107)
9 16 3 7 (114)
9 16 3 (129)
9 16 (148)
9 10 8 (96)
9 10 200 (91)
9 10 7 8 (87)
9 10 7 (94)
9 10 3 (91)
9 10 16 (89)
9 10 (106)
9 (207)
2 6 (137)
2 200 (120)
2 13 6 (107)
2 13 (116)
2 16 (114)
2 5 6 (106)
2 5 13 6 (91)
2 5 13 (95)
2 5 (110)
2 14 6 (101)
2 14 13 6 (91)
2 14 13 (94)
2 14 5 6 (92)
2 14 5 13 (87)
2 14 5 (95)
2 14 (110)
2 3 200 (102)
2 3 (110)
2 8 200 (91)
2 8 3 (89)
2 8 (96)
2 10 (87)
2 7 (87)
2 (195)
1 200 (156)
1 3 200 (142)
1 3 (151)
1 8 200 (135)
1 8 3 200 (130)
1 8 3 (137)
1 8 (146)
1 7 200 (125)
1 7 3 200 (120)
1 7 3 (128)
1 7 8 200 (120)
1 7 8 3 200 (116)
1 7 8 3 (122)
1 7 8 (129)
1 7 (140)
1 9 200 (116)
1 9 3 200 (111)
1 9 3 (114)
1 9 8 200 (112)
1 9 8 3 200 (108)
1 9 8 3 (110)
1 9 8 (116)
1 9 7 200 (106)
1 9 7 3 200 (103)
1 9 7 3 (105)
1 9 7 8 200 (104)
1 9 7 8 3 200 (101)
1 9 7 8 3 (102)
1 9 7 8 (107)
1 9 7 (110)
1 9 (121)
1 16 200 (98)
1 16 3 200 (91)
1 16 3 (99)
1 16 8 3 (89)
1 16 8 (95)
1 16 7 (92)
1 16 (120)
1 2 (88)
1 (187)
4 5 (168)
4 14 5 (160)
4 14 (168)
4 6 5 (156)
4 6 14 5 (148)
4 6 14 (151)
4 6 (160)
4 13 5 (141)
4 13 14 5 (136)
4 13 14 (139)
4 13 6 5 (133)
4 13 6 14 5 (128)
4 13 6 14 (130)
4 13 6 (136)
4 13 (145)
4 16 5 (91)
4 16 14 5 (89)
4 16 14 (96)
4 16 (98)
4 10 5 (88)
4 10 14 (90)
4 10 (94)
4 2 (87)
4 (177)
15 200 (160)
15 8 200 (145)
15 8 (151)
15 3 200 (144)
15 3 8 200 (133)
15 3 8 (138)
15 3 (151)
15 7 200 (135)
15 7 8 200 (130)
15 7 8 (135)
15 7 3 200 (124)
15 7 3 8 200 (120)
15 7 3 8 (124)
15 7 3 (129)
15 7 (145)
15 9 200 (127)
15 9 8 200 (123)
15 9 8 (126)
15 9 3 200 (115)
15 9 3 8 200 (112)
15 9 3 8 (115)
15 9 3 (118)
15 9 7 200 (116)
15 9 7 8 200 (113)
15 9 7 8 (115)
15 9 7 3 200 (106)
15 9 7 3 8 200 (104)
15 9 7 3 8 (106)
15 9 7 3 (108)
15 9 7 (118)
15 9 (130)
15 16 200 (108)
15 16 8 200 (99)
15 16 8 (105)
15 16 3 200 (97)
15 16 3 8 200 (91)
15 16 3 8 (96)
15 16 3 (103)
15 16 7 200 (92)
15 16 7 8 200 (88)
15 16 7 8 (93)
15 16 7 3 (87)
15 16 7 (101)
15 16 9 200 (89)
15 16 9 8 (89)
15 16 9 (92)
15 16 (119)
15 1 200 (94)
15 1 8 200 (88)
15 1 8 (91)
15 1 3 200 (89)
15 1 3 8 (87)
15 1 3 (92)
15 1 (98)
15 (174)
12 6 (159)
12 14 6 (148)
12 14 (158)
12 5 6 (141)
12 5 14 6 (136)
12 5 14 (144)
12 5 (149)
12 4 6 (133)
12 4 14 6 (128)
12 4 14 (136)
12 4 5 6 (130)
12 4 5 14 6 (125)
12 4 5 14 (133)
12 4 5 (138)
12 4 (141)
12 13 6 (132)
12 13 14 6 (126)
12 13 14 (133)
12 13 5 6 (125)
12 13 5 14 6 (122)
12 13 5 14 (128)
12 13 5 (131)
12 13 4 6 (117)
12 13 4 14 6 (114)
12 13 4 14 (120)
12 13 4 5 6 (115)
12 13 4 5 14 6 (112)
12 13 4 5 14 (118)
12 13 4 5 (121)
12 13 4 (123)
12 13 (139)
12 16 6 (87)
12 16 14 (88)
12 16 (96)
12 10 (91)
12 (171)
100 4 (163)
100 14 4 (155)
100 14 (158)
100 5 4 (156)
100 5 14 4 (148)
100 5 14 (149)
100 5 (157)
100 6 4 (147)
100 6 14 4 (139)
100 6 14 (140)
100 6 5 4 (144)
100 6 5 14 4 (136)
100 6 5 14 (137)
100 6 5 (145)
100 6 (149)
100 13 4 (135)
100 13 14 4 (130)
100 13 14 (130)
100 13 5 14 4 (127)
100 13 5 14 (127)
100 13 5 4 (132)
100 13 5 (132)
100 13 6 4 (126)
100 13 6 14 4 (121)
100 13 6 14 (121)
100 13 6 5 14 4 (119)
100 13 6 5 14 (119)
100 13 6 5 4 (124)
100 13 6 5 (124)
100 13 6 (127)
100 13 (136)
100 12 4 (134)
100 12 14 4 (129)
100 12 14 (129)
100 12 5 14 4 (126)
100 12 5 14 (126)
100 12 5 4 (131)
100 12 5 (131)
100 12 6 4 (126)
100 12 6 14 4 (121)
100 12 6 14 (121)
100 12 6 5 14 4 (118)
100 12 6 5 14 (118)
100 12 6 5 4 (123)
100 12 6 5 (123)
100 12 6 (127)
100 12 13 4 (118)
100 12 13 14 4 (115)
100 12 13 14 (115)
100 12 13 5 14 4 (113)
100 12 13 5 14 (113)
100 12 13 5 4 (116)
100 12 13 5 (116)
100 12 13 6 4 (112)
100 12 13 6 14 4 (109)
100 12 13 6 14 (109)
100 12 13 6 5 14 4 (107)
100 12 13 6 5 14 (107)
100 12 13 6 5 4 (110)
100 12 13 6 5 (110)
100 12 13 6 (113)
100 12 13 (119)
100 12 (135)
100 16 4 (94)
100 16 14 4 (92)
100 16 14 (94)
100 16 5 4 (88)
100 16 5 14 (87)
100 16 5 (89)
100 16 (96)
100 10 4 (91)
100 10 14 4 (87)
100 10 14 (88)
100 10 (92)
100 (168)
11 200 (129)
11 3 200 (106)
11 3 (109)
11 8 200 (94)
11 8 3 (88)
11 8 (97)
11 16 (96)
11 6 (95)
11 2 (89)
11 7 (87)
11 (150)
